# JRE version: OpenJDK Runtime Environment Temurin-21.0.10+7 (21.0.10+7) (build 21.0.10+7-LTS)
# Java VM: OpenJDK 64-Bit Server VM Temurin-21.0.10+7 (21.0.10+7-LTS, mixed mode, sharing, tiered, compressed oops, compressed class ptrs, parallel gc, windows-amd64)
GC Precious Log:
 CardTable entry size: 512
 CPUs: 8 total, 8 available
 Memory: 16126M
 Large Page Support: Disabled
 NUMA Support: Disabled
 Compressed Oops: Enabled (32-bit)
 Alignments: Space 512K, Generation 512K, Heap 2M
 Heap Min Capacity: 100M
 Heap Initial Capacity: 100M
 Heap Max Capacity: 2G
 Pre-touch: Disabled
 Parallel Workers: 8
Heap:
 PSYoungGen      total 26112K, used 16501K [0x00000000d5580000, 0x00000000d7480000, 0x0000000100000000)
  eden space 20480K, 53% used [0x00000000d5580000,0x00000000d601da40,0x00000000d6980000)
  from space 5632K, 99% used [0x00000000d6f00000,0x00000000d747fa88,0x00000000d7480000)
  to   space 1024K, 0% used [0x00000000d6980000,0x00000000d6980000,0x00000000d6a80000)
 ParOldGen       total 68608K, used 54482K [0x0000000080000000, 0x0000000084300000, 0x00000000d5580000)
  object space 68608K, 79% used [0x0000000080000000,0x00000000835348a0,0x0000000084300000)
 Metaspace       used 54156K, committed 55488K, reserved 1114112K
  class space    used 5926K, committed 6528K, reserved 1048576K
GC Heap History (20 events):
Event: 10.746 GC heap before
{Heap before GC invocations=21 (full 2):
 PSYoungGen      total 24576K, used 24210K [0x00000000d5580000, 0x00000000d7080000, 0x0000000100000000)
  eden space 22016K, 100% used [0x00000000d5580000,0x00000000d6b00000,0x00000000d6b00000)
  from space 2560K, 85% used [0x00000000d6e00000,0x00000000d7024b80,0x00000000d7080000)
  to   space 2560K, 0% used [0x00000000d6b00000,0x00000000d6b00000,0x00000000d6d80000)
 ParOldGen       total 68608K, used 25453K [0x0000000080000000, 0x0000000084300000, 0x00000000d5580000)
  object space 68608K, 37% used [0x0000000080000000,0x00000000818db4e8,0x0000000084300000)
 Metaspace       used 46522K, committed 47808K, reserved 1114112K
  class space    used 5073K, committed 5632K, reserved 1048576K
}
Event: 10.750 GC heap after
{Heap after GC invocations=21 (full 2):
 PSYoungGen      total 24576K, used 2546K [0x00000000d5580000, 0x00000000d7b00000, 0x0000000100000000)
  eden space 22016K, 0% used [0x00000000d5580000,0x00000000d5580000,0x00000000d6b00000)
  from space 2560K, 99% used [0x00000000d6b00000,0x00000000d6d7cbe0,0x00000000d6d80000)
  to   space 8192K, 0% used [0x00000000d7300000,0x00000000d7300000,0x00000000d7b00000)
 ParOldGen       total 68608K, used 30116K [0x0000000080000000, 0x0000000084300000, 0x00000000d5580000)
  object space 68608K, 43% used [0x0000000080000000,0x0000000081d69138,0x0000000084300000)
 Metaspace       used 46522K, committed 47808K, reserved 1114112K
  class space    used 5073K, committed 5632K, reserved 1048576K
}
Event: 11.001 GC heap before
{Heap before GC invocations=22 (full 2):
 PSYoungGen      total 24576K, used 24562K [0x00000000d5580000, 0x00000000d7b00000, 0x0000000100000000)
  eden space 22016K, 100% used [0x00000000d5580000,0x00000000d6b00000,0x00000000d6b00000)
  from space 2560K, 99% used [0x00000000d6b00000,0x00000000d6d7cbe0,0x00000000d6d80000)
  to   space 8192K, 0% used [0x00000000d7300000,0x00000000d7300000,0x00000000d7b00000)
 ParOldGen       total 68608K, used 30116K [0x0000000080000000, 0x0000000084300000, 0x00000000d5580000)
  object space 68608K, 43% used [0x0000000080000000,0x0000000081d69138,0x0000000084300000)
 Metaspace       used 47547K, committed 48896K, reserved 1114112K
  class space    used 5207K, committed 5760K, reserved 1048576K
}
Event: 11.008 GC heap after
{Heap after GC invocations=22 (full 2):
 PSYoungGen      total 30208K, used 7697K [0x00000000d5580000, 0x00000000d7b00000, 0x0000000100000000)
  eden space 22016K, 0% used [0x00000000d5580000,0x00000000d5580000,0x00000000d6b00000)
  from space 8192K, 93% used [0x00000000d7300000,0x00000000d7a84410,0x00000000d7b00000)
  to   space 8192K, 0% used [0x00000000d6b00000,0x00000000d6b00000,0x00000000d7300000)
 ParOldGen       total 68608K, used 32606K [0x0000000080000000, 0x0000000084300000, 0x00000000d5580000)
  object space 68608K, 47% used [0x0000000080000000,0x0000000081fd78a8,0x0000000084300000)
 Metaspace       used 47547K, committed 48896K, reserved 1114112K
  class space    used 5207K, committed 5760K, reserved 1048576K
}
Event: 11.130 GC heap before
{Heap before GC invocations=23 (full 2):
 PSYoungGen      total 30208K, used 29713K [0x00000000d5580000, 0x00000000d7b00000, 0x0000000100000000)
  eden space 22016K, 100% used [0x00000000d5580000,0x00000000d6b00000,0x00000000d6b00000)
  from space 8192K, 93% used [0x00000000d7300000,0x00000000d7a84410,0x00000000d7b00000)
  to   space 8192K, 0% used [0x00000000d6b00000,0x00000000d6b00000,0x00000000d7300000)
 ParOldGen       total 68608K, used 32606K [0x0000000080000000, 0x0000000084300000, 0x00000000d5580000)
  object space 68608K, 47% used [0x0000000080000000,0x0000000081fd78a8,0x0000000084300000)
 Metaspace       used 47555K, committed 48896K, reserved 1114112K
  class space    used 5207K, committed 5760K, reserved 1048576K
}
Event: 11.137 GC heap after
{Heap after GC invocations=23 (full 2):
 PSYoungGen      total 25088K, used 2658K [0x00000000d5580000, 0x00000000d7400000, 0x0000000100000000)
  eden space 22016K, 0% used [0x00000000d5580000,0x00000000d5580000,0x00000000d6b00000)
  from space 3072K, 86% used [0x00000000d6b00000,0x00000000d6d98810,0x00000000d6e00000)
  to   space 4608K, 0% used [0x00000000d6f80000,0x00000000d6f80000,0x00000000d7400000)
 ParOldGen       total 68608K, used 40170K [0x0000000080000000, 0x0000000084300000, 0x00000000d5580000)
  object space 68608K, 58% used [0x0000000080000000,0x000000008273aab8,0x0000000084300000)
 Metaspace       used 47555K, committed 48896K, reserved 1114112K
  class space    used 5207K, committed 5760K, reserved 1048576K
}
Event: 11.473 GC heap before
{Heap before GC invocations=24 (full 2):
 PSYoungGen      total 25088K, used 24674K [0x00000000d5580000, 0x00000000d7400000, 0x0000000100000000)
  eden space 22016K, 100% used [0x00000000d5580000,0x00000000d6b00000,0x00000000d6b00000)
  from space 3072K, 86% used [0x00000000d6b00000,0x00000000d6d98810,0x00000000d6e00000)
  to   space 4608K, 0% used [0x00000000d6f80000,0x00000000d6f80000,0x00000000d7400000)
 ParOldGen       total 68608K, used 40170K [0x0000000080000000, 0x0000000084300000, 0x00000000d5580000)
  object space 68608K, 58% used [0x0000000080000000,0x000000008273aab8,0x0000000084300000)
 Metaspace       used 47564K, committed 48896K, reserved 1114112K
  class space    used 5207K, committed 5760K, reserved 1048576K
}
Event: 11.479 GC heap after
{Heap after GC invocations=24 (full 2):
 PSYoungGen      total 24576K, used 2436K [0x00000000d5580000, 0x00000000d7200000, 0x0000000100000000)
  eden space 22016K, 0% used [0x00000000d5580000,0x00000000d5580000,0x00000000d6b00000)
  from space 2560K, 95% used [0x00000000d6f80000,0x00000000d71e1000,0x00000000d7200000)
  to   space 3072K, 0% used [0x00000000d6c00000,0x00000000d6c00000,0x00000000d6f00000)
 ParOldGen       total 68608K, used 42617K [0x0000000080000000, 0x0000000084300000, 0x00000000d5580000)
  object space 68608K, 62% used [0x0000000080000000,0x000000008299e478,0x0000000084300000)
 Metaspace       used 47564K, committed 48896K, reserved 1114112K
  class space    used 5207K, committed 5760K, reserved 1048576K
}
Event: 11.682 GC heap before
{Heap before GC invocations=25 (full 2):
 PSYoungGen      total 24576K, used 24452K [0x00000000d5580000, 0x00000000d7200000, 0x0000000100000000)
  eden space 22016K, 100% used [0x00000000d5580000,0x00000000d6b00000,0x00000000d6b00000)
  from space 2560K, 95% used [0x00000000d6f80000,0x00000000d71e1000,0x00000000d7200000)
  to   space 3072K, 0% used [0x00000000d6c00000,0x00000000d6c00000,0x00000000d6f00000)
 ParOldGen       total 68608K, used 42617K [0x0000000080000000, 0x0000000084300000, 0x00000000d5580000)
  object space 68608K, 62% used [0x0000000080000000,0x000000008299e478,0x0000000084300000)
 Metaspace       used 47594K, committed 48896K, reserved 1114112K
  class space    used 5208K, committed 5760K, reserved 1048576K
}
Event: 11.688 GC heap after
{Heap after GC invocations=25 (full 2):
 PSYoungGen      total 24576K, used 2432K [0x00000000d5580000, 0x00000000d7000000, 0x0000000100000000)
  eden space 22016K, 0% used [0x00000000d5580000,0x00000000d5580000,0x00000000d6b00000)
  from space 2560K, 95% used [0x00000000d6c00000,0x00000000d6e60010,0x00000000d6e80000)
  to   space 1536K, 0% used [0x00000000d6e80000,0x00000000d6e80000,0x00000000d7000000)
 ParOldGen       total 68608K, used 44881K [0x0000000080000000, 0x0000000084300000, 0x00000000d5580000)
  object space 68608K, 65% used [0x0000000080000000,0x0000000082bd4578,0x0000000084300000)
 Metaspace       used 47594K, committed 48896K, reserved 1114112K
  class space    used 5208K, committed 5760K, reserved 1048576K
}
Event: 12.207 GC heap before
{Heap before GC invocations=26 (full 2):
 PSYoungGen      total 24576K, used 24422K [0x00000000d5580000, 0x00000000d7000000, 0x0000000100000000)
  eden space 22016K, 99% used [0x00000000d5580000,0x00000000d6af9ae8,0x00000000d6b00000)
  from space 2560K, 95% used [0x00000000d6c00000,0x00000000d6e60010,0x00000000d6e80000)
  to   space 1536K, 0% used [0x00000000d6e80000,0x00000000d6e80000,0x00000000d7000000)
 ParOldGen       total 68608K, used 44881K [0x0000000080000000, 0x0000000084300000, 0x00000000d5580000)
  object space 68608K, 65% used [0x0000000080000000,0x0000000082bd4578,0x0000000084300000)
 Metaspace       used 48252K, committed 49472K, reserved 1114112K
  class space    used 5261K, committed 5760K, reserved 1048576K
}
Event: 12.211 GC heap after
{Heap after GC invocations=26 (full 2):
 PSYoungGen      total 22016K, used 1523K [0x00000000d5580000, 0x00000000d7500000, 0x0000000100000000)
  eden space 20480K, 0% used [0x00000000d5580000,0x00000000d5580000,0x00000000d6980000)
  from space 1536K, 99% used [0x00000000d6e80000,0x00000000d6ffcd20,0x00000000d7000000)
  to   space 5120K, 0% used [0x00000000d6980000,0x00000000d6980000,0x00000000d6e80000)
 ParOldGen       total 68608K, used 48021K [0x0000000080000000, 0x0000000084300000, 0x00000000d5580000)
  object space 68608K, 69% used [0x0000000080000000,0x0000000082ee54b8,0x0000000084300000)
 Metaspace       used 48252K, committed 49472K, reserved 1114112K
  class space    used 5261K, committed 5760K, reserved 1048576K
}
Event: 13.077 GC heap before
{Heap before GC invocations=27 (full 2):
 PSYoungGen      total 22016K, used 22003K [0x00000000d5580000, 0x00000000d7500000, 0x0000000100000000)
  eden space 20480K, 100% used [0x00000000d5580000,0x00000000d6980000,0x00000000d6980000)
  from space 1536K, 99% used [0x00000000d6e80000,0x00000000d6ffcd20,0x00000000d7000000)
  to   space 5120K, 0% used [0x00000000d6980000,0x00000000d6980000,0x00000000d6e80000)
 ParOldGen       total 68608K, used 48021K [0x0000000080000000, 0x0000000084300000, 0x00000000d5580000)
  object space 68608K, 69% used [0x0000000080000000,0x0000000082ee54b8,0x0000000084300000)
 Metaspace       used 50636K, committed 51904K, reserved 1114112K
  class space    used 5547K, committed 6080K, reserved 1048576K
}
Event: 13.081 GC heap after
{Heap after GC invocations=27 (full 2):
 PSYoungGen      total 21504K, used 731K [0x00000000d5580000, 0x00000000d6f00000, 0x0000000100000000)
  eden space 20480K, 0% used [0x00000000d5580000,0x00000000d5580000,0x00000000d6980000)
  from space 1024K, 71% used [0x00000000d6980000,0x00000000d6a36e88,0x00000000d6a80000)
  to   space 2560K, 0% used [0x00000000d6c80000,0x00000000d6c80000,0x00000000d6f00000)
 ParOldGen       total 68608K, used 49531K [0x0000000080000000, 0x0000000084300000, 0x00000000d5580000)
  object space 68608K, 72% used [0x0000000080000000,0x000000008305eeb8,0x0000000084300000)
 Metaspace       used 50636K, committed 51904K, reserved 1114112K
  class space    used 5547K, committed 6080K, reserved 1048576K
}
Event: 13.849 GC heap before
{Heap before GC invocations=28 (full 2):
 PSYoungGen      total 21504K, used 21211K [0x00000000d5580000, 0x00000000d6f00000, 0x0000000100000000)
  eden space 20480K, 100% used [0x00000000d5580000,0x00000000d6980000,0x00000000d6980000)
  from space 1024K, 71% used [0x00000000d6980000,0x00000000d6a36e88,0x00000000d6a80000)
  to   space 2560K, 0% used [0x00000000d6c80000,0x00000000d6c80000,0x00000000d6f00000)
 ParOldGen       total 68608K, used 49531K [0x0000000080000000, 0x0000000084300000, 0x00000000d5580000)
  object space 68608K, 72% used [0x0000000080000000,0x000000008305eeb8,0x0000000084300000)
 Metaspace       used 51672K, committed 52992K, reserved 1114112K
  class space    used 5662K, committed 6208K, reserved 1048576K
}
Event: 13.851 GC heap after
{Heap after GC invocations=28 (full 2):
 PSYoungGen      total 21504K, used 530K [0x00000000d5580000, 0x00000000d6d80000, 0x0000000100000000)
  eden space 20480K, 0% used [0x00000000d5580000,0x00000000d5580000,0x00000000d6980000)
  from space 1024K, 51% used [0x00000000d6c80000,0x00000000d6d04818,0x00000000d6d80000)
  to   space 1024K, 0% used [0x00000000d6980000,0x00000000d6980000,0x00000000d6a80000)
 ParOldGen       total 68608K, used 50175K [0x0000000080000000, 0x0000000084300000, 0x00000000d5580000)
  object space 68608K, 73% used [0x0000000080000000,0x00000000830ffee8,0x0000000084300000)
 Metaspace       used 51672K, committed 52992K, reserved 1114112K
  class space    used 5662K, committed 6208K, reserved 1048576K
}
Event: 14.637 GC heap before
{Heap before GC invocations=29 (full 2):
 PSYoungGen      total 21504K, used 21010K [0x00000000d5580000, 0x00000000d6d80000, 0x0000000100000000)
  eden space 20480K, 100% used [0x00000000d5580000,0x00000000d6980000,0x00000000d6980000)
  from space 1024K, 51% used [0x00000000d6c80000,0x00000000d6d04818,0x00000000d6d80000)
  to   space 1024K, 0% used [0x00000000d6980000,0x00000000d6980000,0x00000000d6a80000)
 ParOldGen       total 68608K, used 50175K [0x0000000080000000, 0x0000000084300000, 0x00000000d5580000)
  object space 68608K, 73% used [0x0000000080000000,0x00000000830ffee8,0x0000000084300000)
 Metaspace       used 52635K, committed 53888K, reserved 1114112K
  class space    used 5765K, committed 6272K, reserved 1048576K
}
Event: 14.642 GC heap after
{Heap after GC invocations=29 (full 2):
 PSYoungGen      total 21504K, used 1014K [0x00000000d5580000, 0x00000000d7480000, 0x0000000100000000)
  eden space 20480K, 0% used [0x00000000d5580000,0x00000000d5580000,0x00000000d6980000)
  from space 1024K, 99% used [0x00000000d6980000,0x00000000d6a7d990,0x00000000d6a80000)
  to   space 5632K, 0% used [0x00000000d6f00000,0x00000000d6f00000,0x00000000d7480000)
 ParOldGen       total 68608K, used 53834K [0x0000000080000000, 0x0000000084300000, 0x00000000d5580000)
  object space 68608K, 78% used [0x0000000080000000,0x0000000083492928,0x0000000084300000)
 Metaspace       used 52635K, committed 53888K, reserved 1114112K
  class space    used 5765K, committed 6272K, reserved 1048576K
}
Event: 16.250 GC heap before
{Heap before GC invocations=30 (full 2):
 PSYoungGen      total 21504K, used 21494K [0x00000000d5580000, 0x00000000d7480000, 0x0000000100000000)
  eden space 20480K, 100% used [0x00000000d5580000,0x00000000d6980000,0x00000000d6980000)
  from space 1024K, 99% used [0x00000000d6980000,0x00000000d6a7d990,0x00000000d6a80000)
  to   space 5632K, 0% used [0x00000000d6f00000,0x00000000d6f00000,0x00000000d7480000)
 ParOldGen       total 68608K, used 53834K [0x0000000080000000, 0x0000000084300000, 0x00000000d5580000)
  object space 68608K, 78% used [0x0000000080000000,0x0000000083492928,0x0000000084300000)
 Metaspace       used 53996K, committed 55360K, reserved 1114112K
  class space    used 5915K, committed 6528K, reserved 1048576K
}
Event: 16.254 GC heap after
{Heap after GC invocations=30 (full 2):
 PSYoungGen      total 26112K, used 5630K [0x00000000d5580000, 0x00000000d7480000, 0x0000000100000000)
  eden space 20480K, 0% used [0x00000000d5580000,0x00000000d5580000,0x00000000d6980000)
  from space 5632K, 99% used [0x00000000d6f00000,0x00000000d747fa88,0x00000000d7480000)
  to   space 1024K, 0% used [0x00000000d6980000,0x00000000d6980000,0x00000000d6a80000)
 ParOldGen       total 68608K, used 54482K [0x0000000080000000, 0x0000000084300000, 0x00000000d5580000)
  object space 68608K, 79% used [0x0000000080000000,0x00000000835348a0,0x0000000084300000)
 Metaspace       used 53996K, committed 55360K, reserved 1114112K
  class space    used 5915K, committed 6528K, reserved 1048576K
}

