# JRE version: OpenJDK Runtime Environment Temurin-21.0.10+7 (21.0.10+7) (build 21.0.10+7-LTS)
# Java VM: OpenJDK 64-Bit Server VM Temurin-21.0.10+7 (21.0.10+7-LTS, mixed mode, sharing, tiered, compressed oops, compressed class ptrs, parallel gc, windows-amd64)
GC Precious Log:
 CardTable entry size: 512
 CPUs: 8 total, 8 available
 Memory: 16126M
 Large Page Support: Disabled
 NUMA Support: Disabled
 Compressed Oops: Enabled (32-bit)
 Alignments: Space 512K, Generation 512K, Heap 2M
 Heap Min Capacity: 100M
 Heap Initial Capacity: 100M
 Heap Max Capacity: 2G
 Pre-touch: Disabled
 Parallel Workers: 8
Heap:
 PSYoungGen      total 4608K, used 1587K [0x00000000d5580000, 0x00000000d5c80000, 0x0000000100000000)
  eden space 4096K, 28% used [0x00000000d5580000,0x00000000d56a8e80,0x00000000d5980000)
  from space 512K, 78% used [0x00000000d5c00000,0x00000000d5c64030,0x00000000d5c80000)
  to   space 512K, 0% used [0x00000000d5b80000,0x00000000d5b80000,0x00000000d5c00000)
 ParOldGen       total 774144K, used 774004K [0x0000000080000000, 0x00000000af400000, 0x00000000d5580000)
  object space 774144K, 99% used [0x0000000080000000,0x00000000af3dd398,0x00000000af400000)
 Metaspace       used 74797K, committed 76352K, reserved 1179648K
  class space    used 8043K, committed 8704K, reserved 1048576K
GC Heap History (20 events):
Event: 33.310 GC heap before
{Heap before GC invocations=1136 (full 3):
 PSYoungGen      total 8192K, used 7905K [0x00000000d5580000, 0x00000000d6200000, 0x0000000100000000)
  eden space 4096K, 99% used [0x00000000d5580000,0x00000000d597f498,0x00000000d5980000)
  from space 4096K, 93% used [0x00000000d5e00000,0x00000000d61b9170,0x00000000d6200000)
  to   space 4096K, 0% used [0x00000000d5a00000,0x00000000d5a00000,0x00000000d5e00000)
 ParOldGen       total 767488K, used 767096K [0x0000000080000000, 0x00000000aed80000, 0x00000000d5580000)
  object space 767488K, 99% used [0x0000000080000000,0x00000000aed1e300,0x00000000aed80000)
 Metaspace       used 74451K, committed 76032K, reserved 1179648K
  class space    used 8010K, committed 8640K, reserved 1048576K
}
Event: 33.315 GC heap after
{Heap after GC invocations=1136 (full 3):
 PSYoungGen      total 6656K, used 2520K [0x00000000d5580000, 0x00000000d5f80000, 0x0000000100000000)
  eden space 4096K, 0% used [0x00000000d5580000,0x00000000d5580000,0x00000000d5980000)
  from space 2560K, 98% used [0x00000000d5a00000,0x00000000d5c76088,0x00000000d5c80000)
  to   space 3072K, 0% used [0x00000000d5c80000,0x00000000d5c80000,0x00000000d5f80000)
 ParOldGen       total 771072K, used 770850K [0x0000000080000000, 0x00000000af100000, 0x00000000d5580000)
  object space 771072K, 99% used [0x0000000080000000,0x00000000af0c8b48,0x00000000af100000)
 Metaspace       used 74451K, committed 76032K, reserved 1179648K
  class space    used 8010K, committed 8640K, reserved 1048576K
}
Event: 33.344 GC heap before
{Heap before GC invocations=1137 (full 3):
 PSYoungGen      total 6656K, used 6612K [0x00000000d5580000, 0x00000000d5f80000, 0x0000000100000000)
  eden space 4096K, 99% used [0x00000000d5580000,0x00000000d597f1c8,0x00000000d5980000)
  from space 2560K, 98% used [0x00000000d5a00000,0x00000000d5c76088,0x00000000d5c80000)
  to   space 3072K, 0% used [0x00000000d5c80000,0x00000000d5c80000,0x00000000d5f80000)
 ParOldGen       total 771072K, used 770850K [0x0000000080000000, 0x00000000af100000, 0x00000000d5580000)
  object space 771072K, 99% used [0x0000000080000000,0x00000000af0c8b48,0x00000000af100000)
 Metaspace       used 74451K, committed 76032K, reserved 1179648K
  class space    used 8010K, committed 8640K, reserved 1048576K
}
Event: 33.348 GC heap after
{Heap after GC invocations=1137 (full 3):
 PSYoungGen      total 4608K, used 160K [0x00000000d5580000, 0x00000000d5d00000, 0x0000000100000000)
  eden space 4096K, 0% used [0x00000000d5580000,0x00000000d5580000,0x00000000d5980000)
  from space 512K, 31% used [0x00000000d5c80000,0x00000000d5ca8000,0x00000000d5d00000)
  to   space 1536K, 0% used [0x00000000d5a00000,0x00000000d5a00000,0x00000000d5b80000)
 ParOldGen       total 772608K, used 772146K [0x0000000080000000, 0x00000000af280000, 0x00000000d5580000)
  object space 772608K, 99% used [0x0000000080000000,0x00000000af20cb68,0x00000000af280000)
 Metaspace       used 74451K, committed 76032K, reserved 1179648K
  class space    used 8010K, committed 8640K, reserved 1048576K
}
Event: 33.612 GC heap before
{Heap before GC invocations=1138 (full 3):
 PSYoungGen      total 4608K, used 4256K [0x00000000d5580000, 0x00000000d5d00000, 0x0000000100000000)
  eden space 4096K, 100% used [0x00000000d5580000,0x00000000d5980000,0x00000000d5980000)
  from space 512K, 31% used [0x00000000d5c80000,0x00000000d5ca8000,0x00000000d5d00000)
  to   space 1536K, 0% used [0x00000000d5a00000,0x00000000d5a00000,0x00000000d5b80000)
 ParOldGen       total 772608K, used 772146K [0x0000000080000000, 0x00000000af280000, 0x00000000d5580000)
  object space 772608K, 99% used [0x0000000080000000,0x00000000af20cb68,0x00000000af280000)
 Metaspace       used 74513K, committed 76032K, reserved 1179648K
  class space    used 8017K, committed 8640K, reserved 1048576K
}
Event: 33.615 GC heap after
{Heap after GC invocations=1138 (full 3):
 PSYoungGen      total 5632K, used 256K [0x00000000d5580000, 0x00000000d5d00000, 0x0000000100000000)
  eden space 4096K, 0% used [0x00000000d5580000,0x00000000d5580000,0x00000000d5980000)
  from space 1536K, 16% used [0x00000000d5a00000,0x00000000d5a40000,0x00000000d5b80000)
  to   space 512K, 0% used [0x00000000d5c80000,0x00000000d5c80000,0x00000000d5d00000)
 ParOldGen       total 772608K, used 772186K [0x0000000080000000, 0x00000000af280000, 0x00000000d5580000)
  object space 772608K, 99% used [0x0000000080000000,0x00000000af216b68,0x00000000af280000)
 Metaspace       used 74513K, committed 76032K, reserved 1179648K
  class space    used 8017K, committed 8640K, reserved 1048576K
}
Event: 33.864 GC heap before
{Heap before GC invocations=1139 (full 3):
 PSYoungGen      total 5632K, used 4352K [0x00000000d5580000, 0x00000000d5d00000, 0x0000000100000000)
  eden space 4096K, 100% used [0x00000000d5580000,0x00000000d5980000,0x00000000d5980000)
  from space 1536K, 16% used [0x00000000d5a00000,0x00000000d5a40000,0x00000000d5b80000)
  to   space 512K, 0% used [0x00000000d5c80000,0x00000000d5c80000,0x00000000d5d00000)
 ParOldGen       total 772608K, used 772186K [0x0000000080000000, 0x00000000af280000, 0x00000000d5580000)
  object space 772608K, 99% used [0x0000000080000000,0x00000000af216b68,0x00000000af280000)
 Metaspace       used 74544K, committed 76160K, reserved 1179648K
  class space    used 8018K, committed 8704K, reserved 1048576K
}
Event: 33.867 GC heap after
{Heap after GC invocations=1139 (full 3):
 PSYoungGen      total 4608K, used 390K [0x00000000d5580000, 0x00000000d5d00000, 0x0000000100000000)
  eden space 4096K, 0% used [0x00000000d5580000,0x00000000d5580000,0x00000000d5980000)
  from space 512K, 76% used [0x00000000d5c80000,0x00000000d5ce1aa8,0x00000000d5d00000)
  to   space 512K, 0% used [0x00000000d5c00000,0x00000000d5c00000,0x00000000d5c80000)
 ParOldGen       total 772608K, used 772297K [0x0000000080000000, 0x00000000af280000, 0x00000000d5580000)
  object space 772608K, 99% used [0x0000000080000000,0x00000000af232550,0x00000000af280000)
 Metaspace       used 74544K, committed 76160K, reserved 1179648K
  class space    used 8018K, committed 8704K, reserved 1048576K
}
Event: 33.889 GC heap before
{Heap before GC invocations=1140 (full 3):
 PSYoungGen      total 4608K, used 4390K [0x00000000d5580000, 0x00000000d5d00000, 0x0000000100000000)
  eden space 4096K, 97% used [0x00000000d5580000,0x00000000d5968018,0x00000000d5980000)
  from space 512K, 76% used [0x00000000d5c80000,0x00000000d5ce1aa8,0x00000000d5d00000)
  to   space 512K, 0% used [0x00000000d5c00000,0x00000000d5c00000,0x00000000d5c80000)
 ParOldGen       total 772608K, used 772297K [0x0000000080000000, 0x00000000af280000, 0x00000000d5580000)
  object space 772608K, 99% used [0x0000000080000000,0x00000000af232550,0x00000000af280000)
 Metaspace       used 74566K, committed 76160K, reserved 1179648K
  class space    used 8020K, committed 8704K, reserved 1048576K
}
Event: 33.891 GC heap after
{Heap after GC invocations=1140 (full 3):
 PSYoungGen      total 4608K, used 483K [0x00000000d5580000, 0x00000000d5d80000, 0x0000000100000000)
  eden space 4096K, 0% used [0x00000000d5580000,0x00000000d5580000,0x00000000d5980000)
  from space 512K, 94% used [0x00000000d5c00000,0x00000000d5c78f98,0x00000000d5c80000)
  to   space 1024K, 0% used [0x00000000d5c80000,0x00000000d5c80000,0x00000000d5d80000)
 ParOldGen       total 773632K, used 773372K [0x0000000080000000, 0x00000000af380000, 0x00000000d5580000)
  object space 773632K, 99% used [0x0000000080000000,0x00000000af33f398,0x00000000af380000)
 Metaspace       used 74566K, committed 76160K, reserved 1179648K
  class space    used 8020K, committed 8704K, reserved 1048576K
}
Event: 33.912 GC heap before
{Heap before GC invocations=1141 (full 3):
 PSYoungGen      total 4608K, used 4543K [0x00000000d5580000, 0x00000000d5d80000, 0x0000000100000000)
  eden space 4096K, 99% used [0x00000000d5580000,0x00000000d5976cd8,0x00000000d5980000)
  from space 512K, 94% used [0x00000000d5c00000,0x00000000d5c78f98,0x00000000d5c80000)
  to   space 1024K, 0% used [0x00000000d5c80000,0x00000000d5c80000,0x00000000d5d80000)
 ParOldGen       total 773632K, used 773372K [0x0000000080000000, 0x00000000af380000, 0x00000000d5580000)
  object space 773632K, 99% used [0x0000000080000000,0x00000000af33f398,0x00000000af380000)
 Metaspace       used 74581K, committed 76224K, reserved 1179648K
  class space    used 8020K, committed 8704K, reserved 1048576K
}
Event: 33.915 GC heap after
{Heap after GC invocations=1141 (full 3):
 PSYoungGen      total 5120K, used 995K [0x00000000d5580000, 0x00000000d5d80000, 0x0000000100000000)
  eden space 4096K, 0% used [0x00000000d5580000,0x00000000d5580000,0x00000000d5980000)
  from space 1024K, 97% used [0x00000000d5c80000,0x00000000d5d78e28,0x00000000d5d80000)
  to   space 1536K, 0% used [0x00000000d5a80000,0x00000000d5a80000,0x00000000d5c00000)
 ParOldGen       total 773632K, used 773604K [0x0000000080000000, 0x00000000af380000, 0x00000000d5580000)
  object space 773632K, 99% used [0x0000000080000000,0x00000000af379398,0x00000000af380000)
 Metaspace       used 74581K, committed 76224K, reserved 1179648K
  class space    used 8020K, committed 8704K, reserved 1048576K
}
Event: 33.945 GC heap before
{Heap before GC invocations=1142 (full 3):
 PSYoungGen      total 5120K, used 5078K [0x00000000d5580000, 0x00000000d5d80000, 0x0000000100000000)
  eden space 4096K, 99% used [0x00000000d5580000,0x00000000d597cd80,0x00000000d5980000)
  from space 1024K, 97% used [0x00000000d5c80000,0x00000000d5d78e28,0x00000000d5d80000)
  to   space 1536K, 0% used [0x00000000d5a80000,0x00000000d5a80000,0x00000000d5c00000)
 ParOldGen       total 773632K, used 773604K [0x0000000080000000, 0x00000000af380000, 0x00000000d5580000)
  object space 773632K, 99% used [0x0000000080000000,0x00000000af379398,0x00000000af380000)
 Metaspace       used 74593K, committed 76224K, reserved 1179648K
  class space    used 8020K, committed 8704K, reserved 1048576K
}
Event: 33.948 GC heap after
{Heap after GC invocations=1142 (full 3):
 PSYoungGen      total 5632K, used 423K [0x00000000d5580000, 0x00000000d5d00000, 0x0000000100000000)
  eden space 4096K, 0% used [0x00000000d5580000,0x00000000d5580000,0x00000000d5980000)
  from space 1536K, 27% used [0x00000000d5a80000,0x00000000d5ae9e68,0x00000000d5c00000)
  to   space 1024K, 0% used [0x00000000d5c00000,0x00000000d5c00000,0x00000000d5d00000)
 ParOldGen       total 774144K, used 773644K [0x0000000080000000, 0x00000000af400000, 0x00000000d5580000)
  object space 774144K, 99% used [0x0000000080000000,0x00000000af383398,0x00000000af400000)
 Metaspace       used 74593K, committed 76224K, reserved 1179648K
  class space    used 8020K, committed 8704K, reserved 1048576K
}
Event: 33.988 GC heap before
{Heap before GC invocations=1143 (full 3):
 PSYoungGen      total 5632K, used 4284K [0x00000000d5580000, 0x00000000d5d00000, 0x0000000100000000)
  eden space 4096K, 94% used [0x00000000d5580000,0x00000000d5945290,0x00000000d5980000)
  from space 1536K, 27% used [0x00000000d5a80000,0x00000000d5ae9e68,0x00000000d5c00000)
  to   space 1024K, 0% used [0x00000000d5c00000,0x00000000d5c00000,0x00000000d5d00000)
 ParOldGen       total 774144K, used 773644K [0x0000000080000000, 0x00000000af400000, 0x00000000d5580000)
  object space 774144K, 99% used [0x0000000080000000,0x00000000af383398,0x00000000af400000)
 Metaspace       used 74605K, committed 76224K, reserved 1179648K
  class space    used 8020K, committed 8704K, reserved 1048576K
}
Event: 33.991 GC heap after
{Heap after GC invocations=1143 (full 3):
 PSYoungGen      total 4608K, used 352K [0x00000000d5580000, 0x00000000d5c80000, 0x0000000100000000)
  eden space 4096K, 0% used [0x00000000d5580000,0x00000000d5580000,0x00000000d5980000)
  from space 512K, 68% used [0x00000000d5c00000,0x00000000d5c58000,0x00000000d5c80000)
  to   space 512K, 0% used [0x00000000d5b80000,0x00000000d5b80000,0x00000000d5c00000)
 ParOldGen       total 774144K, used 773732K [0x0000000080000000, 0x00000000af400000, 0x00000000d5580000)
  object space 774144K, 99% used [0x0000000080000000,0x00000000af399398,0x00000000af400000)
 Metaspace       used 74605K, committed 76224K, reserved 1179648K
  class space    used 8020K, committed 8704K, reserved 1048576K
}
Event: 34.103 GC heap before
{Heap before GC invocations=1144 (full 3):
 PSYoungGen      total 4608K, used 4448K [0x00000000d5580000, 0x00000000d5c80000, 0x0000000100000000)
  eden space 4096K, 100% used [0x00000000d5580000,0x00000000d5980000,0x00000000d5980000)
  from space 512K, 68% used [0x00000000d5c00000,0x00000000d5c58000,0x00000000d5c80000)
  to   space 512K, 0% used [0x00000000d5b80000,0x00000000d5b80000,0x00000000d5c00000)
 ParOldGen       total 774144K, used 773732K [0x0000000080000000, 0x00000000af400000, 0x00000000d5580000)
  object space 774144K, 99% used [0x0000000080000000,0x00000000af399398,0x00000000af400000)
 Metaspace       used 74671K, committed 76288K, reserved 1179648K
  class space    used 8029K, committed 8704K, reserved 1048576K
}
Event: 34.105 GC heap after
{Heap after GC invocations=1144 (full 3):
 PSYoungGen      total 4608K, used 496K [0x00000000d5580000, 0x00000000d5c80000, 0x0000000100000000)
  eden space 4096K, 0% used [0x00000000d5580000,0x00000000d5580000,0x00000000d5980000)
  from space 512K, 96% used [0x00000000d5b80000,0x00000000d5bfc0f0,0x00000000d5c00000)
  to   space 512K, 0% used [0x00000000d5c00000,0x00000000d5c00000,0x00000000d5c80000)
 ParOldGen       total 774144K, used 773908K [0x0000000080000000, 0x00000000af400000, 0x00000000d5580000)
  object space 774144K, 99% used [0x0000000080000000,0x00000000af3c5398,0x00000000af400000)
 Metaspace       used 74671K, committed 76288K, reserved 1179648K
  class space    used 8029K, committed 8704K, reserved 1048576K
}
Event: 34.487 GC heap before
{Heap before GC invocations=1145 (full 3):
 PSYoungGen      total 4608K, used 4584K [0x00000000d5580000, 0x00000000d5c80000, 0x0000000100000000)
  eden space 4096K, 99% used [0x00000000d5580000,0x00000000d597e208,0x00000000d5980000)
  from space 512K, 96% used [0x00000000d5b80000,0x00000000d5bfc0f0,0x00000000d5c00000)
  to   space 512K, 0% used [0x00000000d5c00000,0x00000000d5c00000,0x00000000d5c80000)
 ParOldGen       total 774144K, used 773908K [0x0000000080000000, 0x00000000af400000, 0x00000000d5580000)
  object space 774144K, 99% used [0x0000000080000000,0x00000000af3c5398,0x00000000af400000)
 Metaspace       used 74717K, committed 76288K, reserved 1179648K
  class space    used 8032K, committed 8704K, reserved 1048576K
}
Event: 34.491 GC heap after
{Heap after GC invocations=1145 (full 3):
 PSYoungGen      total 4608K, used 400K [0x00000000d5580000, 0x00000000d5c80000, 0x0000000100000000)
  eden space 4096K, 0% used [0x00000000d5580000,0x00000000d5580000,0x00000000d5980000)
  from space 512K, 78% used [0x00000000d5c00000,0x00000000d5c64030,0x00000000d5c80000)
  to   space 512K, 0% used [0x00000000d5b80000,0x00000000d5b80000,0x00000000d5c00000)
 ParOldGen       total 774144K, used 774004K [0x0000000080000000, 0x00000000af400000, 0x00000000d5580000)
  object space 774144K, 99% used [0x0000000080000000,0x00000000af3dd398,0x00000000af400000)
 Metaspace       used 74717K, committed 76288K, reserved 1179648K
  class space    used 8032K, committed 8704K, reserved 1048576K
}

